WARN [11-08|16:25:18] No etherbase set and no accounts found as default 
INFO [11-08|16:25:18] Starting peer-to-peer node               instance=Geth/v1.7.3-unstable-9619a610/linux-amd64/go1.9.1
INFO [11-08|16:25:18] Allocated cache and file handles         database=/home/mslinn/.ethereum/rinkeby/geth/chaindata cache=128 handles=1024
INFO [11-08|16:25:19] Initialised chain configuration          config="{ChainID: 4 Homestead: 1 DAO: <nil> DAOSupport: true EIP150: 2 EIP155: 3 EIP158: 3 Byzantium: 1035301 Engine: clique}"
INFO [11-08|16:25:19] Initialising Ethereum protocol           versions="[63 62]" network=4
INFO [11-08|16:25:19] Loaded most recent local header          number=1208907 hash=bb32ce…39305b td=2352286
INFO [11-08|16:25:19] Loaded most recent local full block      number=1208907 hash=bb32ce…39305b td=2352286
INFO [11-08|16:25:19] Loaded most recent local fast block      number=1208907 hash=bb32ce…39305b td=2352286
INFO [11-08|16:25:19] Loaded local transaction journal         transactions=0 dropped=0
INFO [11-08|16:25:19] Regenerated local transaction journal    transactions=0 accounts=0
WARN [11-08|16:25:19] Blockchain not empty, fast sync disabled 
INFO [11-08|16:25:19] Starting P2P networking 
INFO [11-08|16:25:21] UDP listener up                          self=enode://ad1bde5600658288ff9b881855d53e178c6d6474af170d52c30b67e63127a0d8bcfad1e13250733a0eff8d17ac32fd4ee5af11480dd8120329955548e6103644@192.168.1.200:30303
INFO [11-08|16:25:21] RLPx listener up                         self=enode://ad1bde5600658288ff9b881855d53e178c6d6474af170d52c30b67e63127a0d8bcfad1e13250733a0eff8d17ac32fd4ee5af11480dd8120329955548e6103644@192.168.1.200:30303
INFO [11-08|16:25:21] HTTP endpoint opened: http://127.0.0.1:8545 
INFO [11-08|16:25:21] IPC endpoint opened: /home/mslinn/.ethereum/rinkeby/geth.ipc 
INFO [11-08|16:25:21] Mapped network port                      proto=udp extport=30303 intport=30303 interface="UPNP IGDv1-IP1"
INFO [11-08|16:25:22] Mapped network port                      proto=tcp extport=30303 intport=30303 interface="UPNP IGDv1-IP1"
INFO [11-08|16:25:51] Block synchronisation started 
INFO [11-08|16:25:52] Imported new chain segment               blocks=4 txs=0 mgas=0.000 elapsed=3.210ms mgasps=0.000 number=1208911 hash=6a79cb…f39339
INFO [11-08|16:25:52] Imported new chain segment               blocks=2 txs=1 mgas=0.021 elapsed=2.297ms mgasps=9.140 number=1208913 hash=ce97d8…0d83b6
INFO [11-08|16:26:05] Imported new chain segment               blocks=1 txs=1 mgas=2.250 elapsed=15.829ms mgasps=142.130 number=1208914 hash=d7062f…ffa397
INFO [11-08|16:26:20] Imported new chain segment               blocks=1 txs=4 mgas=0.449 elapsed=36.802ms mgasps=12.212  number=1208915 hash=eaafb8…950591
INFO [11-08|16:26:34] Imported new chain segment               blocks=1 txs=0 mgas=0.000 elapsed=266.802µs mgasps=0.000   number=1208916 hash=e0b59c…0db2ec
INFO [11-08|16:26:39] Got interrupt, shutting down... 
INFO [11-08|16:26:39] HTTP endpoint closed: http://127.0.0.1:8545 
INFO [11-08|16:26:39] IPC endpoint closed: /home/mslinn/.ethereum/rinkeby/geth.ipc 
INFO [11-08|16:26:39] Blockchain manager stopped 
INFO [11-08|16:26:39] Stopping Ethereum protocol 
INFO [11-08|16:26:39] Ethereum protocol stopped 
INFO [11-08|16:26:39] Transaction pool stopped 
INFO [11-08|16:26:39] Database closed                          database=/home/mslinn/.ethereum/rinkeby/geth/chaindata
